<?xml version="1.0" encoding="UTF-8"?>
<testng-results skipped="0" failed="0" total="1" passed="1">
  <reporter-output>
  </reporter-output>
  <suite name="Suite" duration-ms="81119" started-at="2020-05-31T17:49:07Z" finished-at="2020-05-31T17:50:28Z">
    <groups>
    </groups>
    <test name="Test" duration-ms="81119" started-at="2020-05-31T17:49:07Z" finished-at="2020-05-31T17:50:28Z">
      <class name="test.TestFramework">
        <test-method status="PASS" signature="openBrowser()[pri:0, instance:test.TestFramework@7dc7cbad]" name="openBrowser" is-config="true" duration-ms="22633" started-at="2020-05-31T23:19:07Z" finished-at="2020-05-31T23:19:30Z">
          <reporter-output>
          </reporter-output>
        </test-method> <!-- openBrowser -->
        <test-method status="PASS" signature="yahoo()[pri:0, instance:test.TestFramework@7dc7cbad]" name="yahoo" duration-ms="49645" started-at="2020-05-31T23:19:30Z" finished-at="2020-05-31T23:20:19Z">
          <reporter-output>
          </reporter-output>
        </test-method> <!-- yahoo -->
        <test-method status="PASS" signature="closeBrowser()[pri:0, instance:test.TestFramework@7dc7cbad]" name="closeBrowser" is-config="true" duration-ms="8759" started-at="2020-05-31T23:20:19Z" finished-at="2020-05-31T23:20:28Z">
          <reporter-output>
          </reporter-output>
        </test-method> <!-- closeBrowser -->
      </class> <!-- test.TestFramework -->
    </test> <!-- Test -->
  </suite> <!-- Suite -->
</testng-results>
